d:\compresstextorimagebyhuffman\huffmancompresstextorimg\x64\debug\vc140.pdb
d:\compresstextorimagebyhuffman\huffmancompresstextorimg\x64\debug\main.obj
d:\compresstextorimagebyhuffman\huffmancompresstextorimg\x64\debug\huffmancompresstextorimg.obj
d:\compresstextorimagebyhuffman\huffmancompresstextorimg\x64\debug\moc_huffmancompresstextorimg.obj
d:\compresstextorimagebyhuffman\huffmancompresstextorimg\x64\debug\qrc_huffmancompresstextorimg.obj
d:\compresstextorimagebyhuffman\huffmancompresstextorimg\x64\debug\huffmantree.obj
d:\compresstextorimagebyhuffman\huffmancompresstextorimg\generatedfiles\ui_huffmancompresstextorimg.h
d:\compresstextorimagebyhuffman\huffmancompresstextorimg\generatedfiles\qrc_huffmancompresstextorimg.cpp
d:\compresstextorimagebyhuffman\huffmancompresstextorimg\generatedfiles\debug\moc_huffmancompresstextorimg.cpp
d:\compresstextorimagebyhuffman\huffmancompresstextorimg\x64\debug\huffmancompresstextorimg.res
d:\compresstextorimagebyhuffman\x64\debug\huffmancompresstextorimg.pdb
d:\compresstextorimagebyhuffman\huffmancompresstextorimg\x64\debug\huffmanc.b12702ad.tlog\cl.command.1.tlog
d:\compresstextorimagebyhuffman\huffmancompresstextorimg\x64\debug\huffmanc.b12702ad.tlog\cl.read.1.tlog
d:\compresstextorimagebyhuffman\huffmancompresstextorimg\x64\debug\huffmanc.b12702ad.tlog\cl.write.1.tlog
d:\compresstextorimagebyhuffman\huffmancompresstextorimg\x64\debug\huffmanc.b12702ad.tlog\custombuild.command.1.tlog
d:\compresstextorimagebyhuffman\huffmancompresstextorimg\x64\debug\huffmanc.b12702ad.tlog\custombuild.read.1.tlog
d:\compresstextorimagebyhuffman\huffmancompresstextorimg\x64\debug\huffmanc.b12702ad.tlog\custombuild.write.1.tlog
d:\compresstextorimagebyhuffman\huffmancompresstextorimg\x64\debug\huffmanc.b12702ad.tlog\link-cvtres.read.1.tlog
d:\compresstextorimagebyhuffman\huffmancompresstextorimg\x64\debug\huffmanc.b12702ad.tlog\link-cvtres.write.1.tlog
d:\compresstextorimagebyhuffman\huffmancompresstextorimg\x64\debug\huffmanc.b12702ad.tlog\link-rc.read.1.tlog
d:\compresstextorimagebyhuffman\huffmancompresstextorimg\x64\debug\huffmanc.b12702ad.tlog\link-rc.write.1.tlog
d:\compresstextorimagebyhuffman\huffmancompresstextorimg\x64\debug\huffmanc.b12702ad.tlog\link.12040-cvtres.read.1.tlog
d:\compresstextorimagebyhuffman\huffmancompresstextorimg\x64\debug\huffmanc.b12702ad.tlog\link.12040-cvtres.write.1.tlog
d:\compresstextorimagebyhuffman\huffmancompresstextorimg\x64\debug\huffmanc.b12702ad.tlog\link.12040-rc.read.1.tlog
d:\compresstextorimagebyhuffman\huffmancompresstextorimg\x64\debug\huffmanc.b12702ad.tlog\link.12040-rc.write.1.tlog
d:\compresstextorimagebyhuffman\huffmancompresstextorimg\x64\debug\huffmanc.b12702ad.tlog\link.12040.read.1.tlog
d:\compresstextorimagebyhuffman\huffmancompresstextorimg\x64\debug\huffmanc.b12702ad.tlog\link.12040.write.1.tlog
d:\compresstextorimagebyhuffman\huffmancompresstextorimg\x64\debug\huffmanc.b12702ad.tlog\link.command.1.tlog
d:\compresstextorimagebyhuffman\huffmancompresstextorimg\x64\debug\huffmanc.b12702ad.tlog\link.read.1.tlog
d:\compresstextorimagebyhuffman\huffmancompresstextorimg\x64\debug\huffmanc.b12702ad.tlog\link.write.1.tlog
d:\compresstextorimagebyhuffman\huffmancompresstextorimg\x64\debug\huffmanc.b12702ad.tlog\rc.command.1.tlog
d:\compresstextorimagebyhuffman\huffmancompresstextorimg\x64\debug\huffmanc.b12702ad.tlog\rc.read.1.tlog
d:\compresstextorimagebyhuffman\huffmancompresstextorimg\x64\debug\huffmanc.b12702ad.tlog\rc.write.1.tlog
